#-----------------------------------------------------------
# Vivado v2020.2 (64-bit)
# SW Build 3064766 on Wed Nov 18 09:12:45 MST 2020
# IP Build 3064653 on Wed Nov 18 14:17:31 MST 2020
# Start of session at: Wed Mar 15 13:49:45 2023
# Process ID: 16632
# Current directory: C:/Users/aksel/Documents/GitHub/Semesterprojekt-4/FPGA
# Command line: vivado.exe -gui_launcher_event rodinguilauncherevent6476 C:\Users\aksel\Documents\GitHub\Semesterprojekt-4\FPGA\FPGA.xpr
# Log file: C:/Users/aksel/Documents/GitHub/Semesterprojekt-4/FPGA/vivado.log
# Journal file: C:/Users/aksel/Documents/GitHub/Semesterprojekt-4/FPGA\vivado.jou
#-----------------------------------------------------------
start_gui
open_project C:/Users/aksel/Documents/GitHub/Semesterprojekt-4/FPGA/FPGA.xpr
INFO: [Project 1-313] Project file moved from '/home/casper/Documents/UNI/Semester 4/Semesterprojekt-4/FPGA' since last save.
WARNING: [filemgmt 56-2] Default IP Output Path : Could not find the directory 'C:/Users/aksel/Documents/GitHub/Semesterprojekt-4/FPGA/FPGA.gen/sources_1', nor could it be found using path 'C:/home/casper/Documents/UNI/Semester 4/Semesterprojekt-4/FPGA/FPGA.gen/sources_1'.
WARNING: [filemgmt 56-2] IPUserFilesDir: Could not find the directory 'C:/Users/aksel/Documents/GitHub/Semesterprojekt-4/FPGA/FPGA.ip_user_files', nor could it be found using path 'C:/home/casper/Documents/UNI/Semester 4/Semesterprojekt-4/FPGA/FPGA.ip_user_files'.
Scanning sources...
Finished scanning sources
INFO: [IP_Flow 19-234] Refreshing IP repositories
INFO: [IP_Flow 19-1704] No user IP repositories specified
INFO: [IP_Flow 19-2313] Loaded Vivado IP repository 'C:/Xilinx/Vivado/2020.2/data/ip'.
open_project: Time (s): cpu = 00:00:18 ; elapsed = 00:00:09 . Memory (MB): peak = 1095.191 ; gain = 0.000
update_compile_order -fileset sources_1
import_files -norecurse {{G:/My Drive/Uni/4. Semester/DIG/Lektion1/Lab_1/Lab_1.srcs/sources_1/new/not_gate.vhd}}
update_compile_order -fileset sources_1
exit
INFO: [Common 17-206] Exiting Vivado at Wed Mar 15 13:52:07 2023...
